20
17
1
2
4
19
21
7
19
8
2
22
1
6
11
23
3
24
4
10
8
25
6
26
19
15
3
5
18
1
2
27
19
28
29
14
3
30
31
5
5
32
2
10
7
15
3
33
15
34
19
8
3
3
2
35
36
17
37
10
16
2
38
18
2
39
16
2
15
40
2
41
12
42
43
1
2
18
44
45
17
15
7
46
47
48
12
3
10
6
1
49
3
50
1
17
51
3
2
11
52
53
17
11
10
19
1
54
4
5
4
17
55
7
2
8
56
2
57
14
2
4
5
58
2
2
59
3
1
3
12
2
60
61
62
1
63
5
3
64
15
65
3
13
66
16
1
67
68
14
11
14
18
17
1
19
3
12
6
3
2
11
69
11
5
9
2
70
5
15
71
72
1
73
74
5
75
3
76
77
78
5
79
1
1
9
80
81
5
12
3
82
83
3
84
6
85
6
86
2
5
87
5
88
16
89
2
2
11
90
91
1
6
92
93
18
5
17
94
1
11
9
11
95
96
19
12
97
5
1
98
4
16
1
14
99
100
101
2
102
2
5
3
8
15
103
3
104
2
18
6
5
4
1
105
4
106
107
8
108
11
109
110
111
4
2
18
16
3
112
5
15
7
13
113
114
115
116
5
5
10
9
117
118
1
2
3
1
15
18
11
7
19
1
119
4
18
4
3
7
3
1
5
3
2
120
12
11
121
5
2
122
2
19
14
18
15
123
9
3
14
18
14
17
1
5
124
18
1
17
125
2
1
126
127
128
4
129
2
130
131
5
4
3
6
1
1
4
4
132
4
5
19
2
3
3
4
18
7
14
12
2
8
13
1
7
1
6
4
133
1
17
4
134
4
14
135
6
2
3
9
136
4
5
1
15
14
137
15
8
7
2
14
138
139
140
2
141
1
142
143
144
145
146
4
16
12
1
1
1
11
2
147
148
19
149
2
5
3
150
7
3
14
7
151
4
152
2
153
18
154
155
16
13
156
17
7
4
157
6
158
5
1
5
13
5
1
1
159
13
160
5
7
2
161
14
9
2
15
162
1
6
15
1
163
7
3
9
5
13
4
3
11
1
4
16
16
12
164
10
8
4
10
165
19
4
5
166
3
2
3
19
2
18
1
2
167
3
3
4
168
169
170
2
2
171
4
172
15
173
3
13
17
16
174
175
2
6
2
17
12
2
176
19
2
177
178
4
3
2
179
5
180
16
3
181
19
6
5
182
2
7
12
10
4
6
16
9
1
183
6
2
184
17
5
4
19
5
16
18
11
185
186
15
2
5
5
187
188
8
1
19
17
6
189
14
190
191
16
192
14
10
17
1
1
16
15
193
1
13
2
3
194
195
2
18
4
2
10
196
2
13
197
198
199
3
13
200
5
15
18
201
202
1
7
203
17
17
204
5
205
1
206
15
4
2
207
208
209
16
4
17
19
12
18
210
3
3
211
2
9
4
11
5
6
12
5
1
12
212
213
18
17
214
11
215
5
216
217
218
219
14
2
220
19
221
15
5
4
3
222
9
14
8
223
17
6
224
13
6
2
1
19
3
225
3
3
4
226
227
19
15
13
228
229
230
1
8
3
231
232
10
9
7
15
17
1
1
233
16
234
14
4
3
9
2
12
235
5
7
236
237
18
5
4
9
19
3
238
2
239
19
240
13
11
241
4
242
3
243
244
245
16
5
12
14
1
4
16
246
4
15
16
247
248
2
249
3
11
250
2
251
4
2
5
10
2
10
2
1
252
16
7
17
12
5
17
2
3
13
253
5
2
8
254
9
255
16
5
5
12
10
256
5
7
2
257
2
3
258
12
15
16
1
259
16
13
4
2
1
1
260
1
5
261
13
16
9
262
263
264
5
12
3
15
19
265
266
267
16
268
269
12
270
7
1
271
4
16
17
15
4
4
13
272
9
17
6
273
3
12
6
2
1
18
12
274
275
4
16
13
2
5
14
8
276
5
277
278
1
279
2
4
5
19
280
281
12
5
14
18
2
5
16
11
7
3
282
4
3
2
283
3
2
3
10
5
284
15
285
1
2
14
1
14
12
5
286
287
6
11
7
1
3
288
289
4
4
290
4
18
291
292
2
5
293
3
294
2
295
296
4
18
297
298
2
4
299
300
5
1
17
301
5
302
303
1
11
5
304
3
5
5
3
14
5
3
305
18
306
3
12
15
307
14
17
9
14
308
8
2
5
14
5
4
10
6
4
16
3
309
310
311
2
312
8
1
1
7
5
313
3
314
315
3
316
317
4
2
318
