10
16
3
3
19
2
3
20
10
12
21
2
8
22
1
23
4
15
24
2
1
25
6
26
1
27
15
17
28
29
1
30
31
1
32
33
3
8
34
17
5
11
18
1
35
17
7
36
37
38
3
39
5
14
1
10
3
16
5
40
41
42
5
15
8
13
6
5
3
2
1
3
17
18
5
43
14
5
44
6
2
10
13
45
1
4
1
2
4
1
17
2
7
11
46
1
16
11
8
2
10
12
1
4
8
3
11
15
5
16
14
47
15
4
8
48
1
49
1
3
8
1
5
7
10
1
8
50
51
1
52
9
5
10
4
9
5
3
4
53
54
2
2
19
55
4
1
4
15
3
12
14
56
4
5
5
5
13
2
8
57
5
12
9
19
58
3
1
59
2
60
6
61
62
2
1
16
4
3
1
15
5
8
2
63
13
64
65
19
4
4
2
66
4
1
10
13
13
10
67
68
5
4
10
9
69
70
71
19
2
72
73
2
74
2
75
76
1
3
77
4
13
78
79
10
1
3
4
16
2
14
80
2
17
4
1
2
17
3
81
1
17
1
82
5
19
83
9
84
5
85
11
4
3
4
86
87
88
2
18
1
89
90
1
3
1
2
5
5
3
2
1
4
5
4
5
6
91
18
92
93
94
4
19
10
95
96
18
3
1
5
3
4
11
5
7
7
18
19
3
18
1
3
97
5
3
2
98
99
4
2
1
3
13
4
100
2
16
101
102
103
104
7
4
14
4
14
16
6
19
1
7
4
105
2
2
16
106
107
4
14
108
16
109
15
13
2
14
1
9
19
19
110
10
4
5
14
4
111
10
8
1
112
4
9
5
1
16
4
2
2
8
9
1
113
3
114
115
18
116
5
117
1
118
5
119
2
120
11
1
2
4
5
2
121
122
1
123
19
10
6
1
124
6
17
3
1
11
125
4
7
18
126
127
128
10
14
129
6
130
5
131
132
18
3
4
133
18
2
9
17
7
134
135
5
5
4
1
1
3
4
5
16
3
12
136
137
15
138
2
5
14
11
14
19
139
140
4
10
6
6
2
1
141
1
15
12
14
142
10
143
17
144
5
3
145
3
10
4
4
4
4
15
19
1
146
10
147
1
148
16
3
149
13
150
18
151
3
5
4
6
152
9
17
153
17
154
12
155
5
1
7
156
157
3
11
158
8
159
11
160
4
1
4
4
161
162
5
2
163
15
3
4
5
8
4
164
165
4
3
166
4
3
4
19
15
167
3
168
169
1
170
3
171
16
172
173
174
16
10
13
15
1
10
17
175
4
5
176
4
15
1
3
6
2
17
10
177
14
12
178
10
5
12
3
179
2
180
5
181
1
1
12
19
16
182
14
2
2
18
1
183
2
184
18
185
7
186
4
187
19
4
188
8
9
8
1
3
9
189
3
190
191
8
19
192
13
193
194
2
195
5
196
197
198
1
9
3
199
3
200
17
8
5
13
4
201
8
202
16
203
10
10
4
1
204
2
205
2
8
1
206
207
18
19
4
3
208
11
12
5
18
209
210
4
2
211
2
212
1
1
213
214
215
1
6
216
5
217
1
218
2
219
220
19
2
11
17
2
3
221
10
15
4
2
222
8
3
18
223
2
224
3
1
225
2
3
1
9
226
227
10
1
5
4
1
228
13
2
7
3
6
229
18
18
6
2
4
5
230
18
3
17
5
231
232
5
4
5
233
16
1
4
234
235
17
3
16
11
14
4
7
10
3
4
236
10
237
3
14
7
8
2
1
11
238
239
10
17
19
240
17
2
2
6
241
15
8
242
2
8
2
15
9
243
244
2
4
245
5
1
6
4
5
13
4
1
4
10
12
14
246
1
247
4
248
4
2
19
249
250
16
251
252
253
254
10
255
5
1
1
256
4
11
1
4
18
1
257
258
9
15
1
259
4
2
4
260
4
261
6
4
262
2
2
3
8
263
264
265
4
4
266
4
3
17
18
267
8
268
5
17
11
269
1
5
4
270
10
4
5
4
18
16
7
271
2
272
9
1
5
273
4
274
275
11
4
2
276
17
277
2
278
2
279
280
1
7
2
281
3
18
282
3
283
1
2
1
3
15
5
14
14
284
16
285
2
5
3
5
286
287
5
288
4
3
289
4
290
5
6
291
5
3
2
5
5
11
3
4
292
293
4
17
3
294
5
9
1
15
6
295
3
4
296
4
297
3
13
12
1
298
1
4
299
300
2
3
7
8
12
4
301
3
2
11
302
18
6
19
5
303
19
4
3
3
11
304
18
3
